<?xml version="1.0" encoding="UTF-8" ?>
<testsuites>
  <testsuite errors="0" failures="0" hostname="sarathi106" id="0" name="PriceControllerSpec" package="com.grails.practical.test" tests="5" time="2.709" timestamp="2018-01-05T15:21:30">
      <properties />

      <testcase classname="com.grails.practical.test.PriceControllerSpec" name="Test the index action returns the correct model" time="2.057" />

      <testcase classname="com.grails.practical.test.PriceControllerSpec" name="Test the create action returns the correct model" time="0.063" />

      <testcase classname="com.grails.practical.test.PriceControllerSpec" name="Test the save action correctly persists an instance" time="0.394" />

      <testcase classname="com.grails.practical.test.PriceControllerSpec" name="Test that the show action returns the correct model" time="0.022" />

      <testcase classname="com.grails.practical.test.PriceControllerSpec" name="Test that the delete action deletes an instance if it exists" time="0.148" />

      <system-out><![CDATA[--Output from Test the index action returns the correct model--
--Output from Test the create action returns the correct model--
--Output from Test the save action correctly persists an instance--
params[price:1111.11, product.id:xxxxxxxxxxx, product:[id:xxxxxxxxxxx]]
--Output from Test that the show action returns the correct model--
--Output from Test that the delete action deletes an instance if it exists--
]]></system-out>

      <system-err><![CDATA[--Output from Test the index action returns the correct model--
--Output from Test the create action returns the correct model--
--Output from Test the save action correctly persists an instance--
--Output from Test that the show action returns the correct model--
--Output from Test that the delete action deletes an instance if it exists--
]]></system-err>

  </testsuite>
  <testsuite errors="0" failures="0" hostname="sarathi106" id="1" name="PriceSpec" package="com.grails.practical.test" tests="3" time="2.071" timestamp="2018-01-05T15:21:28">
      <properties />

      <testcase classname="com.grails.practical.test.PriceSpec" name="test price not null" time="1.981" />

      <testcase classname="com.grails.practical.test.PriceSpec" name="test price is not less than 0.0" time="0.025" />

      <testcase classname="com.grails.practical.test.PriceSpec" name="test price is not greater 99999999.99" time="0.024" />

      <system-out><![CDATA[--Output from test price not null--
--Output from test price is not less than 0.0--
--Output from test price is not greater 99999999.99--
]]></system-out>

      <system-err><![CDATA[--Output from test price not null--
--Output from test price is not less than 0.0--
--Output from test price is not greater 99999999.99--
]]></system-err>

  </testsuite>
  <testsuite errors="1" failures="0" hostname="sarathi106" id="2" name="ProductControllerSpec" package="com.grails.practical.test" tests="6" time="0.969" timestamp="2018-01-05T15:21:33">
      <properties />

      <testcase classname="com.grails.practical.test.ProductControllerSpec" name="Test the index action returns the correct model" time="0.389" />

      <testcase classname="com.grails.practical.test.ProductControllerSpec" name="Test the create action returns the correct model" time="0.024" />

      <testcase classname="com.grails.practical.test.ProductControllerSpec" name="Test the price calculation is correct for strategy" time="0.099">
          <error message="Cannot invoke method toUpperCase() on null object" type="java.lang.NullPointerException">java.lang.NullPointerException: Cannot invoke method toUpperCase() on null object
	at prizy_pricer.ProductService.$tt__calculateForStandardStrategy(ProductService.groovy:33)
	at com.grails.practical.ProductController.$tt__calculateForStandardStrategy(ProductController.groovy:73)
	at com.grails.practical.test.ProductControllerSpec.Test the price calculation is correct for strategy(ProductControllerSpec.groovy:56)
</error>

      </testcase>

      <testcase classname="com.grails.practical.test.ProductControllerSpec" name="Test the save action correctly persists an instance" time="0.164" />

      <testcase classname="com.grails.practical.test.ProductControllerSpec" name="Test that the show action returns the correct model" time="0.203" />

      <testcase classname="com.grails.practical.test.ProductControllerSpec" name="Test that the delete action deletes an instance if it exists" time="0.073" />

      <system-out><![CDATA[--Output from Test the index action returns the correct model--
--Output from Test the create action returns the correct model--
--Output from Test the price calculation is correct for strategy--
XXXXXXXXXXXXXXXXXX[:]
--Output from Test the save action correctly persists an instance--
--Output from Test that the show action returns the correct model--
--Output from Test that the delete action deletes an instance if it exists--
null
abcdefghijklmn
]]></system-out>

      <system-err><![CDATA[--Output from Test the index action returns the correct model--
--Output from Test the create action returns the correct model--
--Output from Test the price calculation is correct for strategy--
--Output from Test the save action correctly persists an instance--
--Output from Test that the show action returns the correct model--
--Output from Test that the delete action deletes an instance if it exists--
]]></system-err>

  </testsuite>
  <testsuite errors="0" failures="0" hostname="sarathi106" id="3" name="ProductSpec" package="com.grails.practical.test" tests="6" time="0.14" timestamp="2018-01-05T15:21:34">
      <properties />

      <testcase classname="com.grails.practical.test.ProductSpec" name="test product barcode not null" time="0.048" />

      <testcase classname="com.grails.practical.test.ProductSpec" name="test product barcode not blank" time="0.021" />

      <testcase classname="com.grails.practical.test.ProductSpec" name="test product barcode is unique" time="0.02" />

      <testcase classname="com.grails.practical.test.ProductSpec" name="test product name not null" time="0.013" />

      <testcase classname="com.grails.practical.test.ProductSpec" name="test product name not blank" time="0.017" />

      <testcase classname="com.grails.practical.test.ProductSpec" name="test product name is unique" time="0.008" />

      <system-out><![CDATA[--Output from test product barcode not null--
--Output from test product barcode not blank--
--Output from test product barcode is unique--
--Output from test product name not null--
--Output from test product name not blank--
--Output from test product name is unique--
]]></system-out>

      <system-err><![CDATA[--Output from test product barcode not null--
--Output from test product barcode not blank--
--Output from test product barcode is unique--
--Output from test product name not null--
--Output from test product name not blank--
--Output from test product name is unique--
]]></system-err>

  </testsuite>
</testsuites>
